"C:\Program Files\MRE SDK V3.0.00\include\vmsys.h", line 214: Warning: C2220W: Superfluous ',' in 'enum' declaration
"C:\Program Files\MRE SDK V3.0.00\include\vmio.h", line 1801: Warning: C2220W: Superfluous ',' in 'enum' declaration
"D:\MyGitHub\qrsp\zbar.h", line 103: Warning: C2220W: Superfluous ',' in 'enum' declaration
"D:\MyGitHub\qrsp\zbar.h", line 124: Warning: C2220W: Superfluous ',' in 'enum' declaration
"D:\MyGitHub\qrsp\zbar.h", line 160: Warning: C2220W: Superfluous ',' in 'enum' declaration
"d:\MyGitHub\qrsp\debug.h", line 63: Warning: C2206W: Undefined macro '__GNUC__' in #if - treated as 0
"d:\MyGitHub\qrsp\scanner.c", line 180: Warning: C2206W: Undefined macro 'DEBUG_SVG' in #if - treated as 0
"d:\MyGitHub\qrsp\scanner.c", line 337: Warning: C2871W: static 'zbar_scan_rgb24' declared but not used
"d:\MyGitHub\qrsp\scanner.c", line 337: Warning: C2871W: static 'zbar_decoder_parse_config' declared but not used
"d:\MyGitHub\qrsp\scanner.c", line 337: Warning: C2871W: static 'zbar_image_scanner_parse_config' declared but not used
"d:\MyGitHub\qrsp\scanner.c", line 337: Warning: C2871W: static 'zbar_window_get_error_code' declared but not used
"d:\MyGitHub\qrsp\scanner.c", line 337: Warning: C2871W: static 'zbar_window_error_string' declared but not used
"d:\MyGitHub\qrsp\scanner.c", line 337: Warning: C2871W: static 'zbar_window_error_spew' declared but not used
"d:\MyGitHub\qrsp\scanner.c", line 337: Warning: C2871W: static 'zbar_video_get_error_code' declared but not used
"d:\MyGitHub\qrsp\scanner.c", line 337: Warning: C2871W: static 'zbar_video_error_string' declared but not used
"d:\MyGitHub\qrsp\scanner.c", line 337: Warning: C2871W: static 'zbar_video_error_spew' declared but not used
"d:\MyGitHub\qrsp\scanner.c", line 337: Warning: C2871W: static 'zbar_processor_get_error_code' declared but not used
"d:\MyGitHub\qrsp\scanner.c", line 337: Warning: C2871W: static 'zbar_processor_error_string' declared but not used
"d:\MyGitHub\qrsp\scanner.c", line 337: Warning: C2871W: static 'zbar_processor_error_spew' declared but not used
"d:\MyGitHub\qrsp\scanner.c", line 337: Warning: C2871W: static 'zbar_processor_parse_config' declared but not used
d:\MyGitHub\qrsp\scanner.c: 20 warnings, 0 errors, 0 serious errors
